    sudo pacman -S --needed --noconfirm jdk-openjdk 
resolving dependencies...
looking for conflicting packages...

Package (4)                    New Version  Net Change  Download Size

extra/java-environment-common  3-6            0.00 MiB       0.00 MiB
extra/java-runtime-common      3-6            0.01 MiB       0.00 MiB
extra/libnet                   2:1.3-1        1.47 MiB       0.29 MiB
extra/jdk-openjdk              26.u35-1     598.54 MiB     397.49 MiB

Total Download Size:   397.79 MiB
Total Installed Size:  600.02 MiB

:: Proceed with installation? [Y/n] 
:: Retrieving packages...
 jdk-openjdk-26.u35-1-x86_64 downloading...
 libnet-2:1.3-1-x86_64 downloading...
 java-runtime-common-3-6-any downloading...
 java-environment-common-3-6-any downloading...
checking keyring...
checking package integrity...
loading package files...
checking for file conflicts...
:: Processing package changes...
installing java-runtime-common...
For the complete set of Java binaries to be available in your PATH,
you need to re-login or source /etc/profile
Please note that this package does not support forcing JAVA_HOME as former package java-common did
installing libnet...
installing java-environment-common...
installing jdk-openjdk...
Optional dependencies for jdk-openjdk
    java-rhino: for some JavaScript support
    alsa-lib: for basic sound support [installed]
    gtk3: for the Gtk+ 3 look and feel - desktop usage [installed]
:: Running post-transaction hooks...
(1/3) Arming ConditionNeedsUpdate...
(2/3) Updating icon theme caches...
(3/3) Updating the desktop file MIME type cache...
